<?xml version="1.0" encoding="UTF-8"?>
<!-- Generated by org.testng.reporters.JUnitReportReporter -->
<testsuite hostname="Gunsmoke1982" failures="0" tests="8" name="databaseTesting.DataIntegrityTestOfMovieDatabase" time="0.080" errors="0" timestamp="2025-04-02T16:00:12 CEST" skipped="2">
  <testcase classname="databaseTesting.DataIntegrityTestOfMovieDatabase" name="testDeleteCascadingBehavior" time="0.023"/>
  <testcase classname="databaseTesting.DataIntegrityTestOfMovieDatabase" name="testDataIntegrity" time="0.010"/>
  <testcase classname="databaseTesting.DataIntegrityTestOfMovieDatabase" name="testEmptyInsert" time="0.011"/>
  <testcase classname="databaseTesting.DataIntegrityTestOfMovieDatabase" name="testUniqueConstraint" time="0.012"/>
  <testcase classname="databaseTesting.DataIntegrityTestOfMovieDatabase" name="testFieldLength" time="0.011"/>
  <testcase classname="databaseTesting.DataIntegrityTestOfMovieDatabase" name="testDefaultValues" time="0.013"/>
  <testcase classname="databaseTesting.DataIntegrityTestOfMovieDatabase" name="testNullInsert">
    <skipped/>
  </testcase> <!-- testNullInsert -->
  <testcase classname="databaseTesting.DataIntegrityTestOfMovieDatabase" name="testInvalidYearFormat">
    <skipped/>
  </testcase> <!-- testInvalidYearFormat -->
</testsuite> <!-- databaseTesting.DataIntegrityTestOfMovieDatabase -->
