<?xml version="1.0" encoding="UTF-8"?>
<!-- Generated by org.testng.reporters.JUnitReportReporter -->
<testsuite hostname="Gunsmoke1982" failures="0" tests="2" name="databaseTesting.App1HtmlTest" time="0.172" errors="0" timestamp="2025-04-04T18:14:47 CEST" skipped="0">
  <testcase classname="databaseTesting.App1HtmlTest" name="testAddTask" time="0.119"/>
  <testcase classname="databaseTesting.App1HtmlTest" name="testDeleteTask" time="0.053"/>
</testsuite> <!-- databaseTesting.App1HtmlTest -->
