<?xml version="1.0" encoding="UTF-8"?>
<!-- Generated by org.testng.reporters.JUnitReportReporter -->
<testsuite hostname="Gunsmoke1982" failures="0" tests="2" name="databaseTesting.App1HtmlTest" time="0.128" errors="0" timestamp="2025-04-07T08:31:57 CEST" skipped="0">
  <testcase classname="databaseTesting.App1HtmlTest" name="testAddTask" time="0.084"/>
  <testcase classname="databaseTesting.App1HtmlTest" name="testDeleteTask" time="0.044"/>
</testsuite> <!-- databaseTesting.App1HtmlTest -->
