<?xml version="1.0" encoding="UTF-8"?>
<!-- Generated by org.testng.reporters.JUnitReportReporter -->
<testsuite hostname="Gunsmoke1982" failures="0" tests="9" name="databaseTesting.DataIntegrityTest" time="0.083" errors="0" timestamp="2025-04-07T09:35:03 CEST" skipped="2">
  <testcase classname="databaseTesting.DataIntegrityTest" name="testDataIntegrity" time="0.014"/>
  <testcase classname="databaseTesting.DataIntegrityTest" name="testEmptyInsert" time="0.010"/>
  <testcase classname="databaseTesting.DataIntegrityTest" name="testEmptyInsert2" time="0.008"/>
  <testcase classname="databaseTesting.DataIntegrityTest" name="testUniqueConstraint" time="0.014"/>
  <testcase classname="databaseTesting.DataIntegrityTest" name="testFieldLength" time="0.009"/>
  <testcase classname="databaseTesting.DataIntegrityTest" name="testDeleteCascadingBehavior" time="0.016"/>
  <testcase classname="databaseTesting.DataIntegrityTest" name="testDefaultValues" time="0.012"/>
  <testcase classname="databaseTesting.DataIntegrityTest" name="testInvalidYearFormat">
    <skipped/>
  </testcase> <!-- testInvalidYearFormat -->
  <testcase classname="databaseTesting.DataIntegrityTest" name="testNullInsert">
    <skipped/>
  </testcase> <!-- testNullInsert -->
</testsuite> <!-- databaseTesting.DataIntegrityTest -->
