<?xml version="1.0" encoding="UTF-8"?>
<!-- Generated by org.testng.reporters.JUnitReportReporter -->
<testsuite hostname="Gunsmoke1982" failures="0" tests="2" name="databaseTesting.App1HtmlTesting" time="0.161" errors="0" timestamp="2025-04-04T10:56:19 CEST" skipped="0">
  <testcase classname="databaseTesting.App1HtmlTesting" name="testAddTask" time="0.114"/>
  <testcase classname="databaseTesting.App1HtmlTesting" name="testDeleteTask" time="0.047"/>
</testsuite> <!-- databaseTesting.App1HtmlTesting -->
